Arguments: 
  /home/vagrant/.nvm/versions/node/v10.14.2/bin/node /home/vagrant/.yarn/bin/yarn.js test

PATH: 
  /home/vagrant/.yarn/bin:/home/vagrant/.config/yarn/global/node_modules/.bin:/home/vagrant/.nvm/versions/node/v10.14.2/bin:/usr/local/sbin:/usr/local/bin:/usr/sbin:/usr/bin:/sbin:/bin:/usr/games:/usr/local/games:/snap/bin

Yarn version: 
  1.21.1

Node version: 
  10.14.2

Platform: 
  linux x64

Trace: 
  SyntaxError: /home/vagrant/workspace/todo/package.json: Unexpected string in JSON at position 85
      at JSON.parse (<anonymous>)
      at /home/vagrant/.yarn/lib/cli.js:1625:59
      at Generator.next (<anonymous>)
      at step (/home/vagrant/.yarn/lib/cli.js:310:30)
      at /home/vagrant/.yarn/lib/cli.js:321:13

npm manifest: 
  {
    "name": "todo",
    "version": "1.0.0",
    "main": "index.js",
    "license": "MIT"
    "scripts": {
      "test": "node test.js"
    },
  }

yarn manifest: 
  No manifest

Lockfile: 
  No lockfile
